<?xml version="1.0" encoding="UTF-8"?>
<!-- Generated by org.testng.reporters.JUnitXMLReporter -->
<testsuite hostname="HP-Laptop" ignored="4" name="LambdaTest" tests="3" failures="0" timestamp="29 May 2020 13:44:31 GMT" time="87.572" errors="0">
  <testcase name="footerLinkTest" time="72.177" classname="tests.Footer_Link_Test"/>
  <testcase name="realMoneyPageTest" time="2.235" classname="tests.Real_Money_Page_Test"/>
  <testcase name="bookieSelectorTest" time="11.925" classname="tests.Bookie_Selector_Test"/>
  <testcase name="@AfterSuite tearDown" time="0.0" classname="baseClass.BaseTest">
    <ignored/>
  </testcase> <!-- @AfterSuite tearDown -->
  <testcase name="@AfterSuite tearDown" time="0.0" classname="baseClass.BaseTest">
    <ignored/>
  </testcase> <!-- @AfterSuite tearDown -->
  <testcase name="@BeforeSuite setUp" time="0.0" classname="baseClass.BaseTest">
    <ignored/>
  </testcase> <!-- @BeforeSuite setUp -->
  <testcase name="@BeforeSuite setUp" time="0.0" classname="baseClass.BaseTest">
    <ignored/>
  </testcase> <!-- @BeforeSuite setUp -->
</testsuite> <!-- LambdaTest -->
